[2023-10-23 18:23:21,048] * [ERROR] "GET /static/https%3A/cdn.jsdelivr.net/npm/bootstrap%405.1.3/dist/js/bootstrap.bundle.min.js HTTP/1.1" 500 59 C:\Users\Alex\AppData\Local\Programs\Python\Python310\lib\site-packages\django\core\servers\basehttp.py None
[2023-10-23 18:23:25,732] * [ERROR] "GET /static/https%3A/cdn.jsdelivr.net/npm/bootstrap%405.1.3/dist/js/bootstrap.bundle.min.js HTTP/1.1" 500 59 C:\Users\Alex\AppData\Local\Programs\Python\Python310\lib\site-packages\django\core\servers\basehttp.py None
[2023-10-23 18:23:27,249] * [ERROR] "GET /static/https%3A/cdn.jsdelivr.net/npm/bootstrap%405.1.3/dist/js/bootstrap.bundle.min.js HTTP/1.1" 500 59 C:\Users\Alex\AppData\Local\Programs\Python\Python310\lib\site-packages\django\core\servers\basehttp.py None
[2023-10-23 18:23:39,453] * [ERROR] "GET /static/https%3A/cdn.jsdelivr.net/npm/bootstrap%405.1.3/dist/js/bootstrap.bundle.min.js HTTP/1.1" 500 59 C:\Users\Alex\AppData\Local\Programs\Python\Python310\lib\site-packages\django\core\servers\basehttp.py None
[2023-10-23 18:23:41,117] * [ERROR] "GET /static/https%3A/cdn.jsdelivr.net/npm/bootstrap%405.1.3/dist/js/bootstrap.bundle.min.js HTTP/1.1" 500 59 C:\Users\Alex\AppData\Local\Programs\Python\Python310\lib\site-packages\django\core\servers\basehttp.py None
[2023-10-23 18:23:42,754] * [ERROR] "GET /static/https%3A/cdn.jsdelivr.net/npm/bootstrap%405.1.3/dist/js/bootstrap.bundle.min.js HTTP/1.1" 500 59 C:\Users\Alex\AppData\Local\Programs\Python\Python310\lib\site-packages\django\core\servers\basehttp.py None
[2023-10-23 18:23:44,818] * [ERROR] "GET /static/https%3A/cdn.jsdelivr.net/npm/bootstrap%405.1.3/dist/js/bootstrap.bundle.min.js HTTP/1.1" 500 59 C:\Users\Alex\AppData\Local\Programs\Python\Python310\lib\site-packages\django\core\servers\basehttp.py None
[2023-10-23 18:23:46,162] * [ERROR] "GET /static/https%3A/cdn.jsdelivr.net/npm/bootstrap%405.1.3/dist/js/bootstrap.bundle.min.js HTTP/1.1" 500 59 C:\Users\Alex\AppData\Local\Programs\Python\Python310\lib\site-packages\django\core\servers\basehttp.py None
[2023-10-23 18:23:49,718] * [ERROR] "GET /static/https%3A/cdn.jsdelivr.net/npm/bootstrap%405.1.3/dist/js/bootstrap.bundle.min.js HTTP/1.1" 500 59 C:\Users\Alex\AppData\Local\Programs\Python\Python310\lib\site-packages\django\core\servers\basehttp.py None
[2023-10-23 18:23:50,609] * [ERROR] "GET /static/https%3A/cdn.jsdelivr.net/npm/bootstrap%405.1.3/dist/js/bootstrap.bundle.min.js HTTP/1.1" 500 59 C:\Users\Alex\AppData\Local\Programs\Python\Python310\lib\site-packages\django\core\servers\basehttp.py None
[2023-10-23 18:23:52,486] * [ERROR] "GET /static/https%3A/cdn.jsdelivr.net/npm/bootstrap%405.1.3/dist/js/bootstrap.bundle.min.js HTTP/1.1" 500 59 C:\Users\Alex\AppData\Local\Programs\Python\Python310\lib\site-packages\django\core\servers\basehttp.py None
[2023-10-23 18:23:53,518] * [ERROR] "GET /static/https%3A/cdn.jsdelivr.net/npm/bootstrap%405.1.3/dist/js/bootstrap.bundle.min.js HTTP/1.1" 500 59 C:\Users\Alex\AppData\Local\Programs\Python\Python310\lib\site-packages\django\core\servers\basehttp.py None
[2023-10-23 18:23:54,376] * [ERROR] "GET /static/https%3A/cdn.jsdelivr.net/npm/bootstrap%405.1.3/dist/js/bootstrap.bundle.min.js HTTP/1.1" 500 59 C:\Users\Alex\AppData\Local\Programs\Python\Python310\lib\site-packages\django\core\servers\basehttp.py None
[2023-10-23 18:23:55,445] * [ERROR] "GET /static/https%3A/cdn.jsdelivr.net/npm/bootstrap%405.1.3/dist/js/bootstrap.bundle.min.js HTTP/1.1" 500 59 C:\Users\Alex\AppData\Local\Programs\Python\Python310\lib\site-packages\django\core\servers\basehttp.py None
[2023-10-23 18:23:56,569] * [ERROR] "GET /static/https%3A/cdn.jsdelivr.net/npm/bootstrap%405.1.3/dist/js/bootstrap.bundle.min.js HTTP/1.1" 500 59 C:\Users\Alex\AppData\Local\Programs\Python\Python310\lib\site-packages\django\core\servers\basehttp.py None
[2023-10-23 18:23:57,598] * [ERROR] "GET /static/https%3A/cdn.jsdelivr.net/npm/bootstrap%405.1.3/dist/js/bootstrap.bundle.min.js HTTP/1.1" 500 59 C:\Users\Alex\AppData\Local\Programs\Python\Python310\lib\site-packages\django\core\servers\basehttp.py None
[2023-10-23 18:23:59,349] * [ERROR] "GET /static/https%3A/cdn.jsdelivr.net/npm/bootstrap%405.1.3/dist/js/bootstrap.bundle.min.js HTTP/1.1" 500 59 C:\Users\Alex\AppData\Local\Programs\Python\Python310\lib\site-packages\django\core\servers\basehttp.py None
[2023-10-23 18:23:59,918] * [ERROR] "GET /static/https%3A/cdn.jsdelivr.net/npm/bootstrap%405.1.3/dist/js/bootstrap.bundle.min.js HTTP/1.1" 500 59 C:\Users\Alex\AppData\Local\Programs\Python\Python310\lib\site-packages\django\core\servers\basehttp.py None
[2023-10-23 18:24:01,010] * [ERROR] "GET /static/https%3A/cdn.jsdelivr.net/npm/bootstrap%405.1.3/dist/js/bootstrap.bundle.min.js HTTP/1.1" 500 59 C:\Users\Alex\AppData\Local\Programs\Python\Python310\lib\site-packages\django\core\servers\basehttp.py None
[2023-10-23 18:24:01,571] * [ERROR] "GET /static/https%3A/cdn.jsdelivr.net/npm/bootstrap%405.1.3/dist/js/bootstrap.bundle.min.js HTTP/1.1" 500 59 C:\Users\Alex\AppData\Local\Programs\Python\Python310\lib\site-packages\django\core\servers\basehttp.py None
[2023-10-23 18:24:02,988] * [ERROR] "GET /static/https%3A/cdn.jsdelivr.net/npm/bootstrap%405.1.3/dist/js/bootstrap.bundle.min.js HTTP/1.1" 500 59 C:\Users\Alex\AppData\Local\Programs\Python\Python310\lib\site-packages\django\core\servers\basehttp.py None
[2023-10-23 18:24:06,570] * [ERROR] "GET /static/https%3A/cdn.jsdelivr.net/npm/bootstrap%405.1.3/dist/js/bootstrap.bundle.min.js HTTP/1.1" 500 59 C:\Users\Alex\AppData\Local\Programs\Python\Python310\lib\site-packages\django\core\servers\basehttp.py None
[2023-10-23 18:24:07,662] * [ERROR] "GET /static/https%3A/cdn.jsdelivr.net/npm/bootstrap%405.1.3/dist/js/bootstrap.bundle.min.js HTTP/1.1" 500 59 C:\Users\Alex\AppData\Local\Programs\Python\Python310\lib\site-packages\django\core\servers\basehttp.py None
[2023-10-23 18:24:08,364] * [ERROR] "GET /static/https%3A/cdn.jsdelivr.net/npm/bootstrap%405.1.3/dist/js/bootstrap.bundle.min.js HTTP/1.1" 500 59 C:\Users\Alex\AppData\Local\Programs\Python\Python310\lib\site-packages\django\core\servers\basehttp.py None
[2023-10-23 18:24:10,138] * [ERROR] "GET /static/https%3A/cdn.jsdelivr.net/npm/bootstrap%405.1.3/dist/js/bootstrap.bundle.min.js HTTP/1.1" 500 59 C:\Users\Alex\AppData\Local\Programs\Python\Python310\lib\site-packages\django\core\servers\basehttp.py None
[2023-10-23 18:24:10,757] * [ERROR] "GET /static/https%3A/cdn.jsdelivr.net/npm/bootstrap%405.1.3/dist/js/bootstrap.bundle.min.js HTTP/1.1" 500 59 C:\Users\Alex\AppData\Local\Programs\Python\Python310\lib\site-packages\django\core\servers\basehttp.py None
[2023-10-23 18:24:11,854] * [ERROR] "GET /static/https%3A/cdn.jsdelivr.net/npm/bootstrap%405.1.3/dist/js/bootstrap.bundle.min.js HTTP/1.1" 500 59 C:\Users\Alex\AppData\Local\Programs\Python\Python310\lib\site-packages\django\core\servers\basehttp.py None
[2023-10-23 18:24:12,421] * [ERROR] "GET /static/https%3A/cdn.jsdelivr.net/npm/bootstrap%405.1.3/dist/js/bootstrap.bundle.min.js HTTP/1.1" 500 59 C:\Users\Alex\AppData\Local\Programs\Python\Python310\lib\site-packages\django\core\servers\basehttp.py None
[2023-10-23 18:24:13,287] * [ERROR] "GET /static/https%3A/cdn.jsdelivr.net/npm/bootstrap%405.1.3/dist/js/bootstrap.bundle.min.js HTTP/1.1" 500 59 C:\Users\Alex\AppData\Local\Programs\Python\Python310\lib\site-packages\django\core\servers\basehttp.py None
[2023-10-23 18:24:13,973] * [ERROR] "GET /static/https%3A/cdn.jsdelivr.net/npm/bootstrap%405.1.3/dist/js/bootstrap.bundle.min.js HTTP/1.1" 500 59 C:\Users\Alex\AppData\Local\Programs\Python\Python310\lib\site-packages\django\core\servers\basehttp.py None
[2023-10-23 18:24:15,612] * [ERROR] "GET /static/https%3A/cdn.jsdelivr.net/npm/bootstrap%405.1.3/dist/js/bootstrap.bundle.min.js HTTP/1.1" 500 59 C:\Users\Alex\AppData\Local\Programs\Python\Python310\lib\site-packages\django\core\servers\basehttp.py None
[2023-10-23 18:24:16,154] * [ERROR] "GET /static/https%3A/cdn.jsdelivr.net/npm/bootstrap%405.1.3/dist/js/bootstrap.bundle.min.js HTTP/1.1" 500 59 C:\Users\Alex\AppData\Local\Programs\Python\Python310\lib\site-packages\django\core\servers\basehttp.py None
[2023-10-23 18:24:17,144] * [ERROR] "GET /static/https%3A/cdn.jsdelivr.net/npm/bootstrap%405.1.3/dist/js/bootstrap.bundle.min.js HTTP/1.1" 500 59 C:\Users\Alex\AppData\Local\Programs\Python\Python310\lib\site-packages\django\core\servers\basehttp.py None
[2023-10-23 18:24:18,021] * [ERROR] "GET /static/https%3A/cdn.jsdelivr.net/npm/bootstrap%405.1.3/dist/js/bootstrap.bundle.min.js HTTP/1.1" 500 59 C:\Users\Alex\AppData\Local\Programs\Python\Python310\lib\site-packages\django\core\servers\basehttp.py None
[2023-10-23 18:24:19,136] * [ERROR] "GET /static/https%3A/cdn.jsdelivr.net/npm/bootstrap%405.1.3/dist/js/bootstrap.bundle.min.js HTTP/1.1" 500 59 C:\Users\Alex\AppData\Local\Programs\Python\Python310\lib\site-packages\django\core\servers\basehttp.py None
[2023-10-23 18:24:20,250] * [ERROR] "GET /static/https%3A/cdn.jsdelivr.net/npm/bootstrap%405.1.3/dist/js/bootstrap.bundle.min.js HTTP/1.1" 500 59 C:\Users\Alex\AppData\Local\Programs\Python\Python310\lib\site-packages\django\core\servers\basehttp.py None
[2023-10-23 18:24:21,378] * [ERROR] "GET /static/https%3A/cdn.jsdelivr.net/npm/bootstrap%405.1.3/dist/js/bootstrap.bundle.min.js HTTP/1.1" 500 59 C:\Users\Alex\AppData\Local\Programs\Python\Python310\lib\site-packages\django\core\servers\basehttp.py None
[2023-10-23 18:24:18,086] * [ERROR] "GET /static/https%3A/cdn.jsdelivr.net/npm/bootstrap%405.1.3/dist/js/bootstrap.bundle.min.js HTTP/1.1" 500 59 C:\Users\Alex\AppData\Local\Programs\Python\Python310\lib\site-packages\django\core\servers\basehttp.py None
[2023-10-23 18:24:23,591] * [ERROR] "GET /static/https%3A/cdn.jsdelivr.net/npm/bootstrap%405.1.3/dist/js/bootstrap.bundle.min.js HTTP/1.1" 500 59 C:\Users\Alex\AppData\Local\Programs\Python\Python310\lib\site-packages\django\core\servers\basehttp.py None
[2023-10-23 18:24:24,300] * [ERROR] "GET /static/https%3A/cdn.jsdelivr.net/npm/bootstrap%405.1.3/dist/js/bootstrap.bundle.min.js HTTP/1.1" 500 59 C:\Users\Alex\AppData\Local\Programs\Python\Python310\lib\site-packages\django\core\servers\basehttp.py None
[2023-10-23 18:24:25,184] * [ERROR] "GET /static/https%3A/cdn.jsdelivr.net/npm/bootstrap%405.1.3/dist/js/bootstrap.bundle.min.js HTTP/1.1" 500 59 C:\Users\Alex\AppData\Local\Programs\Python\Python310\lib\site-packages\django\core\servers\basehttp.py None
[2023-10-23 18:24:25,899] * [ERROR] "GET /static/https%3A/cdn.jsdelivr.net/npm/bootstrap%405.1.3/dist/js/bootstrap.bundle.min.js HTTP/1.1" 500 59 C:\Users\Alex\AppData\Local\Programs\Python\Python310\lib\site-packages\django\core\servers\basehttp.py None
[2023-10-23 18:24:27,143] * [ERROR] "GET /static/https%3A/cdn.jsdelivr.net/npm/bootstrap%405.1.3/dist/js/bootstrap.bundle.min.js HTTP/1.1" 500 59 C:\Users\Alex\AppData\Local\Programs\Python\Python310\lib\site-packages\django\core\servers\basehttp.py None
[2023-10-23 18:24:27,751] * [ERROR] "GET /static/https%3A/cdn.jsdelivr.net/npm/bootstrap%405.1.3/dist/js/bootstrap.bundle.min.js HTTP/1.1" 500 59 C:\Users\Alex\AppData\Local\Programs\Python\Python310\lib\site-packages\django\core\servers\basehttp.py None
[2023-10-23 18:24:29,203] * [ERROR] "GET /static/https%3A/cdn.jsdelivr.net/npm/bootstrap%405.1.3/dist/js/bootstrap.bundle.min.js HTTP/1.1" 500 59 C:\Users\Alex\AppData\Local\Programs\Python\Python310\lib\site-packages\django\core\servers\basehttp.py None
[2023-10-23 18:24:29,803] * [ERROR] "GET /static/https%3A/cdn.jsdelivr.net/npm/bootstrap%405.1.3/dist/js/bootstrap.bundle.min.js HTTP/1.1" 500 59 C:\Users\Alex\AppData\Local\Programs\Python\Python310\lib\site-packages\django\core\servers\basehttp.py None
[2023-10-23 18:24:30,665] * [ERROR] "GET /static/https%3A/cdn.jsdelivr.net/npm/bootstrap%405.1.3/dist/js/bootstrap.bundle.min.js HTTP/1.1" 500 59 C:\Users\Alex\AppData\Local\Programs\Python\Python310\lib\site-packages\django\core\servers\basehttp.py None
[2023-10-23 18:24:31,217] * [ERROR] "GET /static/https%3A/cdn.jsdelivr.net/npm/bootstrap%405.1.3/dist/js/bootstrap.bundle.min.js HTTP/1.1" 500 59 C:\Users\Alex\AppData\Local\Programs\Python\Python310\lib\site-packages\django\core\servers\basehttp.py None
[2023-10-23 18:24:33,357] * [ERROR] "GET /static/https%3A/cdn.jsdelivr.net/npm/bootstrap%405.1.3/dist/js/bootstrap.bundle.min.js HTTP/1.1" 500 59 C:\Users\Alex\AppData\Local\Programs\Python\Python310\lib\site-packages\django\core\servers\basehttp.py None
[2023-10-23 18:24:34,420] * [ERROR] "GET /static/https%3A/cdn.jsdelivr.net/npm/bootstrap%405.1.3/dist/js/bootstrap.bundle.min.js HTTP/1.1" 500 59 C:\Users\Alex\AppData\Local\Programs\Python\Python310\lib\site-packages\django\core\servers\basehttp.py None
[2023-10-23 18:24:35,194] * [ERROR] "GET /static/https%3A/cdn.jsdelivr.net/npm/bootstrap%405.1.3/dist/js/bootstrap.bundle.min.js HTTP/1.1" 500 59 C:\Users\Alex\AppData\Local\Programs\Python\Python310\lib\site-packages\django\core\servers\basehttp.py None
[2023-10-23 18:24:35,890] * [ERROR] "GET /static/https%3A/cdn.jsdelivr.net/npm/bootstrap%405.1.3/dist/js/bootstrap.bundle.min.js HTTP/1.1" 500 59 C:\Users\Alex\AppData\Local\Programs\Python\Python310\lib\site-packages\django\core\servers\basehttp.py None
[2023-10-23 18:24:36,714] * [ERROR] "GET /static/https%3A/cdn.jsdelivr.net/npm/bootstrap%405.1.3/dist/js/bootstrap.bundle.min.js HTTP/1.1" 500 59 C:\Users\Alex\AppData\Local\Programs\Python\Python310\lib\site-packages\django\core\servers\basehttp.py None
[2023-10-23 18:24:37,236] * [ERROR] "GET /static/https%3A/cdn.jsdelivr.net/npm/bootstrap%405.1.3/dist/js/bootstrap.bundle.min.js HTTP/1.1" 500 59 C:\Users\Alex\AppData\Local\Programs\Python\Python310\lib\site-packages\django\core\servers\basehttp.py None
[2023-10-23 18:24:39,145] * [ERROR] "GET /static/https%3A/cdn.jsdelivr.net/npm/bootstrap%405.1.3/dist/js/bootstrap.bundle.min.js HTTP/1.1" 500 59 C:\Users\Alex\AppData\Local\Programs\Python\Python310\lib\site-packages\django\core\servers\basehttp.py None
[2023-10-23 18:24:39,918] * [ERROR] "GET /static/https%3A/cdn.jsdelivr.net/npm/bootstrap%405.1.3/dist/js/bootstrap.bundle.min.js HTTP/1.1" 500 59 C:\Users\Alex\AppData\Local\Programs\Python\Python310\lib\site-packages\django\core\servers\basehttp.py None
[2023-10-23 18:24:41,408] * [ERROR] "GET /static/https%3A/cdn.jsdelivr.net/npm/bootstrap%405.1.3/dist/js/bootstrap.bundle.min.js HTTP/1.1" 500 59 C:\Users\Alex\AppData\Local\Programs\Python\Python310\lib\site-packages\django\core\servers\basehttp.py None
[2023-10-23 18:24:42,456] * [ERROR] "GET /static/https%3A/cdn.jsdelivr.net/npm/bootstrap%405.1.3/dist/js/bootstrap.bundle.min.js HTTP/1.1" 500 59 C:\Users\Alex\AppData\Local\Programs\Python\Python310\lib\site-packages\django\core\servers\basehttp.py None
[2023-10-23 18:24:44,200] * [ERROR] "GET /static/https%3A/cdn.jsdelivr.net/npm/bootstrap%405.1.3/dist/js/bootstrap.bundle.min.js HTTP/1.1" 500 59 C:\Users\Alex\AppData\Local\Programs\Python\Python310\lib\site-packages\django\core\servers\basehttp.py None
[2023-10-23 18:24:44,994] * [ERROR] "GET /static/https%3A/cdn.jsdelivr.net/npm/bootstrap%405.1.3/dist/js/bootstrap.bundle.min.js HTTP/1.1" 500 59 C:\Users\Alex\AppData\Local\Programs\Python\Python310\lib\site-packages\django\core\servers\basehttp.py None
[2023-10-23 18:24:46,064] * [ERROR] "GET /static/https%3A/cdn.jsdelivr.net/npm/bootstrap%405.1.3/dist/js/bootstrap.bundle.min.js HTTP/1.1" 500 59 C:\Users\Alex\AppData\Local\Programs\Python\Python310\lib\site-packages\django\core\servers\basehttp.py None
[2023-10-23 18:24:46,650] * [ERROR] "GET /static/https%3A/cdn.jsdelivr.net/npm/bootstrap%405.1.3/dist/js/bootstrap.bundle.min.js HTTP/1.1" 500 59 C:\Users\Alex\AppData\Local\Programs\Python\Python310\lib\site-packages\django\core\servers\basehttp.py None
[2023-10-23 18:24:47,559] * [ERROR] "GET /static/https%3A/cdn.jsdelivr.net/npm/bootstrap%405.1.3/dist/js/bootstrap.bundle.min.js HTTP/1.1" 500 59 C:\Users\Alex\AppData\Local\Programs\Python\Python310\lib\site-packages\django\core\servers\basehttp.py None
[2023-10-23 18:24:48,493] * [ERROR] "GET /static/https%3A/cdn.jsdelivr.net/npm/bootstrap%405.1.3/dist/js/bootstrap.bundle.min.js HTTP/1.1" 500 59 C:\Users\Alex\AppData\Local\Programs\Python\Python310\lib\site-packages\django\core\servers\basehttp.py None
[2023-10-23 18:24:50,337] * [ERROR] "GET /static/https%3A/cdn.jsdelivr.net/npm/bootstrap%405.1.3/dist/js/bootstrap.bundle.min.js HTTP/1.1" 500 59 C:\Users\Alex\AppData\Local\Programs\Python\Python310\lib\site-packages\django\core\servers\basehttp.py None
[2023-10-23 18:24:51,068] * [ERROR] "GET /static/https%3A/cdn.jsdelivr.net/npm/bootstrap%405.1.3/dist/js/bootstrap.bundle.min.js HTTP/1.1" 500 59 C:\Users\Alex\AppData\Local\Programs\Python\Python310\lib\site-packages\django\core\servers\basehttp.py None
[2023-10-23 18:24:52,966] * [ERROR] "GET /static/https%3A/cdn.jsdelivr.net/npm/bootstrap%405.1.3/dist/js/bootstrap.bundle.min.js HTTP/1.1" 500 59 C:\Users\Alex\AppData\Local\Programs\Python\Python310\lib\site-packages\django\core\servers\basehttp.py None
[2023-10-23 18:24:53,625] * [ERROR] "GET /static/https%3A/cdn.jsdelivr.net/npm/bootstrap%405.1.3/dist/js/bootstrap.bundle.min.js HTTP/1.1" 500 59 C:\Users\Alex\AppData\Local\Programs\Python\Python310\lib\site-packages\django\core\servers\basehttp.py None
[2023-10-23 18:24:54,467] * [ERROR] "GET /static/https%3A/cdn.jsdelivr.net/npm/bootstrap%405.1.3/dist/js/bootstrap.bundle.min.js HTTP/1.1" 500 59 C:\Users\Alex\AppData\Local\Programs\Python\Python310\lib\site-packages\django\core\servers\basehttp.py None
[2023-10-23 18:24:55,095] * [ERROR] "GET /static/https%3A/cdn.jsdelivr.net/npm/bootstrap%405.1.3/dist/js/bootstrap.bundle.min.js HTTP/1.1" 500 59 C:\Users\Alex\AppData\Local\Programs\Python\Python310\lib\site-packages\django\core\servers\basehttp.py None
[2023-10-23 18:24:56,305] * [ERROR] "GET /static/https%3A/cdn.jsdelivr.net/npm/bootstrap%405.1.3/dist/js/bootstrap.bundle.min.js HTTP/1.1" 500 59 C:\Users\Alex\AppData\Local\Programs\Python\Python310\lib\site-packages\django\core\servers\basehttp.py None
[2023-10-23 18:24:56,920] * [ERROR] "GET /static/https%3A/cdn.jsdelivr.net/npm/bootstrap%405.1.3/dist/js/bootstrap.bundle.min.js HTTP/1.1" 500 59 C:\Users\Alex\AppData\Local\Programs\Python\Python310\lib\site-packages\django\core\servers\basehttp.py None
[2023-10-23 18:24:57,665] * [ERROR] "GET /static/https%3A/cdn.jsdelivr.net/npm/bootstrap%405.1.3/dist/js/bootstrap.bundle.min.js HTTP/1.1" 500 59 C:\Users\Alex\AppData\Local\Programs\Python\Python310\lib\site-packages\django\core\servers\basehttp.py None
[2023-10-23 18:24:59,656] * [ERROR] "GET /static/https%3A/cdn.jsdelivr.net/npm/bootstrap%405.1.3/dist/js/bootstrap.bundle.min.js HTTP/1.1" 500 59 C:\Users\Alex\AppData\Local\Programs\Python\Python310\lib\site-packages\django\core\servers\basehttp.py None
[2023-10-23 18:25:01,999] * [ERROR] "GET /static/https%3A/cdn.jsdelivr.net/npm/bootstrap%405.1.3/dist/js/bootstrap.bundle.min.js HTTP/1.1" 500 59 C:\Users\Alex\AppData\Local\Programs\Python\Python310\lib\site-packages\django\core\servers\basehttp.py None
[2023-10-23 18:25:02,747] * [ERROR] "GET /static/https%3A/cdn.jsdelivr.net/npm/bootstrap%405.1.3/dist/js/bootstrap.bundle.min.js HTTP/1.1" 500 59 C:\Users\Alex\AppData\Local\Programs\Python\Python310\lib\site-packages\django\core\servers\basehttp.py None
[2023-10-23 18:25:03,757] * [ERROR] "GET /static/https%3A/cdn.jsdelivr.net/npm/bootstrap%405.1.3/dist/js/bootstrap.bundle.min.js HTTP/1.1" 500 59 C:\Users\Alex\AppData\Local\Programs\Python\Python310\lib\site-packages\django\core\servers\basehttp.py None
[2023-10-23 18:25:04,388] * [ERROR] "GET /static/https%3A/cdn.jsdelivr.net/npm/bootstrap%405.1.3/dist/js/bootstrap.bundle.min.js HTTP/1.1" 500 59 C:\Users\Alex\AppData\Local\Programs\Python\Python310\lib\site-packages\django\core\servers\basehttp.py None
[2023-10-23 18:25:05,462] * [ERROR] "GET /static/https%3A/cdn.jsdelivr.net/npm/bootstrap%405.1.3/dist/js/bootstrap.bundle.min.js HTTP/1.1" 500 59 C:\Users\Alex\AppData\Local\Programs\Python\Python310\lib\site-packages\django\core\servers\basehttp.py None
[2023-10-23 18:25:06,117] * [ERROR] "GET /static/https%3A/cdn.jsdelivr.net/npm/bootstrap%405.1.3/dist/js/bootstrap.bundle.min.js HTTP/1.1" 500 59 C:\Users\Alex\AppData\Local\Programs\Python\Python310\lib\site-packages\django\core\servers\basehttp.py None
[2023-10-23 18:25:07,437] * [ERROR] "GET /static/https%3A/cdn.jsdelivr.net/npm/bootstrap%405.1.3/dist/js/bootstrap.bundle.min.js HTTP/1.1" 500 59 C:\Users\Alex\AppData\Local\Programs\Python\Python310\lib\site-packages\django\core\servers\basehttp.py None
[2023-10-23 18:34:00,597] * [ERROR] "GET /static/https%3A/cdn.jsdelivr.net/npm/bootstrap%405.1.3/dist/js/bootstrap.bundle.min.js HTTP/1.1" 500 59 C:\Users\Alex\AppData\Local\Programs\Python\Python310\lib\site-packages\django\core\servers\basehttp.py None
[2023-10-23 18:34:05,440] * [ERROR] Internal Server Error: /sign/upgrade/ C:\Users\Alex\AppData\Local\Programs\Python\Python310\lib\site-packages\django\utils\log.py (<class 'django.db.utils.IntegrityError'>, IntegrityError('UNIQUE constraint failed: news_author.authorUser_id'), <traceback object at 0x0000025278E51940>)
Traceback (most recent call last):
  File "C:\Users\Alex\AppData\Local\Programs\Python\Python310\lib\site-packages\django\db\backends\utils.py", line 89, in _execute
    return self.cursor.execute(sql, params)
  File "C:\Users\Alex\AppData\Local\Programs\Python\Python310\lib\site-packages\django\db\backends\sqlite3\base.py", line 328, in execute
    return super().execute(query, params)
sqlite3.IntegrityError: UNIQUE constraint failed: news_author.authorUser_id

The above exception was the direct cause of the following exception:

Traceback (most recent call last):
  File "C:\Users\Alex\AppData\Local\Programs\Python\Python310\lib\site-packages\django\core\handlers\exception.py", line 55, in inner
    response = get_response(request)
  File "C:\Users\Alex\AppData\Local\Programs\Python\Python310\lib\site-packages\django\core\handlers\base.py", line 197, in _get_response
    response = wrapped_callback(request, *callback_args, **callback_kwargs)
  File "C:\Users\Alex\AppData\Local\Programs\Python\Python310\lib\site-packages\django\contrib\auth\decorators.py", line 23, in _wrapper_view
    return view_func(request, *args, **kwargs)
